2023-10-05 13:42:32,643 DEBUG    root            Metrics collector initialized...
2023-10-05 13:42:32,646 DEBUG    root            Loaded Command Group: ['gcloud', 'components']
2023-10-05 13:42:32,648 DEBUG    root            Loaded Command Group: ['gcloud', 'components', 'list']
2023-10-05 13:42:32,650 DEBUG    root            Running [gcloud.components.list] with arguments: [--quiet: "True"]
2023-10-05 13:42:32,678 DEBUG    urllib3.connectionpool Starting new HTTPS connection (1): dl.google.com:443
2023-10-05 13:42:33,044 DEBUG    urllib3.connectionpool https://dl.google.com:443 "GET /dl/cloudsdk/channels/rapid/components-2.json HTTP/1.1" 200 209942
2023-10-05 13:42:33,158 INFO     ___FILE_ONLY___ 
Your current Google Cloud CLI version is: 449.0.0

2023-10-05 13:42:33,158 INFO     ___FILE_ONLY___ The latest available version is: 449.0.0

2023-10-05 13:42:33,158 INFO     ___FILE_ONLY___ 

2023-10-05 13:42:33,159 DEBUG    root            Chosen display Format:table[box,title="Components"](state.name:label=Status,name:label=Name,id:label=ID,size.size(zero="",min=1048576):label=Size:align=right)
2023-10-05 13:42:33,159 INFO     root            Display format: "table[box,title="Components"](state.name:label=Status,name:label=Name,id:label=ID,size.size(zero="",min=1048576):label=Size:align=right)"
2023-10-05 13:42:33,168 INFO     ___FILE_ONLY___ ┌────────────────────────────────────────────────────────────────────────────────────────────────────────────────┐
2023-10-05 13:42:33,168 INFO     ___FILE_ONLY___ 

2023-10-05 13:42:33,168 INFO     ___FILE_ONLY___ │                                                   Components                                                   │
2023-10-05 13:42:33,168 INFO     ___FILE_ONLY___ 

2023-10-05 13:42:33,168 INFO     ___FILE_ONLY___ ├───────────────┬──────────────────────────────────────────────────────┬──────────────────────────────┬──────────┤
2023-10-05 13:42:33,168 INFO     ___FILE_ONLY___ 

2023-10-05 13:42:33,168 INFO     ___FILE_ONLY___ │     Status    │                         Name                         │              ID              │   Size   │
2023-10-05 13:42:33,168 INFO     ___FILE_ONLY___ 

2023-10-05 13:42:33,168 INFO     ___FILE_ONLY___ ├───────────────┼──────────────────────────────────────────────────────┼──────────────────────────────┼──────────┤
2023-10-05 13:42:33,168 INFO     ___FILE_ONLY___ 

2023-10-05 13:42:33,168 INFO     ___FILE_ONLY___ │ 
2023-10-05 13:42:33,168 INFO     ___FILE_ONLY___ Not Installed
2023-10-05 13:42:33,168 INFO     ___FILE_ONLY___  
2023-10-05 13:42:33,168 INFO     ___FILE_ONLY___ │ 
2023-10-05 13:42:33,168 INFO     ___FILE_ONLY___ App Engine Go Extensions                            
2023-10-05 13:42:33,168 INFO     ___FILE_ONLY___  
2023-10-05 13:42:33,168 INFO     ___FILE_ONLY___ │ 
2023-10-05 13:42:33,168 INFO     ___FILE_ONLY___ app-engine-go               
2023-10-05 13:42:33,168 INFO     ___FILE_ONLY___  
2023-10-05 13:42:33,168 INFO     ___FILE_ONLY___ │ 
2023-10-05 13:42:33,168 INFO     ___FILE_ONLY___  4.3 MiB
2023-10-05 13:42:33,168 INFO     ___FILE_ONLY___  
2023-10-05 13:42:33,168 INFO     ___FILE_ONLY___ │
2023-10-05 13:42:33,169 INFO     ___FILE_ONLY___ 

2023-10-05 13:42:33,169 INFO     ___FILE_ONLY___ │ 
2023-10-05 13:42:33,169 INFO     ___FILE_ONLY___ Not Installed
2023-10-05 13:42:33,169 INFO     ___FILE_ONLY___  
2023-10-05 13:42:33,169 INFO     ___FILE_ONLY___ │ 
2023-10-05 13:42:33,169 INFO     ___FILE_ONLY___ Appctl                                              
2023-10-05 13:42:33,169 INFO     ___FILE_ONLY___  
2023-10-05 13:42:33,169 INFO     ___FILE_ONLY___ │ 
2023-10-05 13:42:33,169 INFO     ___FILE_ONLY___ appctl                      
2023-10-05 13:42:33,169 INFO     ___FILE_ONLY___  
2023-10-05 13:42:33,169 INFO     ___FILE_ONLY___ │ 
2023-10-05 13:42:33,169 INFO     ___FILE_ONLY___ 18.5 MiB
2023-10-05 13:42:33,169 INFO     ___FILE_ONLY___  
2023-10-05 13:42:33,169 INFO     ___FILE_ONLY___ │
2023-10-05 13:42:33,169 INFO     ___FILE_ONLY___ 

2023-10-05 13:42:33,169 INFO     ___FILE_ONLY___ │ 
2023-10-05 13:42:33,169 INFO     ___FILE_ONLY___ Not Installed
2023-10-05 13:42:33,169 INFO     ___FILE_ONLY___  
2023-10-05 13:42:33,169 INFO     ___FILE_ONLY___ │ 
2023-10-05 13:42:33,169 INFO     ___FILE_ONLY___ Artifact Registry Go Module Package Helper          
2023-10-05 13:42:33,169 INFO     ___FILE_ONLY___  
2023-10-05 13:42:33,169 INFO     ___FILE_ONLY___ │ 
2023-10-05 13:42:33,169 INFO     ___FILE_ONLY___ package-go-module           
2023-10-05 13:42:33,169 INFO     ___FILE_ONLY___  
2023-10-05 13:42:33,169 INFO     ___FILE_ONLY___ │ 
2023-10-05 13:42:33,169 INFO     ___FILE_ONLY___  < 1 MiB
2023-10-05 13:42:33,169 INFO     ___FILE_ONLY___  
2023-10-05 13:42:33,169 INFO     ___FILE_ONLY___ │
2023-10-05 13:42:33,169 INFO     ___FILE_ONLY___ 

2023-10-05 13:42:33,169 INFO     ___FILE_ONLY___ │ 
2023-10-05 13:42:33,170 INFO     ___FILE_ONLY___ Not Installed
2023-10-05 13:42:33,170 INFO     ___FILE_ONLY___  
2023-10-05 13:42:33,170 INFO     ___FILE_ONLY___ │ 
2023-10-05 13:42:33,170 INFO     ___FILE_ONLY___ Cloud Bigtable Command Line Tool                    
2023-10-05 13:42:33,170 INFO     ___FILE_ONLY___  
2023-10-05 13:42:33,170 INFO     ___FILE_ONLY___ │ 
2023-10-05 13:42:33,170 INFO     ___FILE_ONLY___ cbt                         
2023-10-05 13:42:33,170 INFO     ___FILE_ONLY___  
2023-10-05 13:42:33,170 INFO     ___FILE_ONLY___ │ 
2023-10-05 13:42:33,170 INFO     ___FILE_ONLY___ 10.8 MiB
2023-10-05 13:42:33,170 INFO     ___FILE_ONLY___  
2023-10-05 13:42:33,170 INFO     ___FILE_ONLY___ │
2023-10-05 13:42:33,170 INFO     ___FILE_ONLY___ 

2023-10-05 13:42:33,170 INFO     ___FILE_ONLY___ │ 
2023-10-05 13:42:33,170 INFO     ___FILE_ONLY___ Not Installed
2023-10-05 13:42:33,170 INFO     ___FILE_ONLY___  
2023-10-05 13:42:33,170 INFO     ___FILE_ONLY___ │ 
2023-10-05 13:42:33,170 INFO     ___FILE_ONLY___ Cloud Bigtable Emulator                             
2023-10-05 13:42:33,170 INFO     ___FILE_ONLY___  
2023-10-05 13:42:33,170 INFO     ___FILE_ONLY___ │ 
2023-10-05 13:42:33,170 INFO     ___FILE_ONLY___ bigtable                    
2023-10-05 13:42:33,170 INFO     ___FILE_ONLY___  
2023-10-05 13:42:33,170 INFO     ___FILE_ONLY___ │ 
2023-10-05 13:42:33,170 INFO     ___FILE_ONLY___  6.7 MiB
2023-10-05 13:42:33,170 INFO     ___FILE_ONLY___  
2023-10-05 13:42:33,170 INFO     ___FILE_ONLY___ │
2023-10-05 13:42:33,170 INFO     ___FILE_ONLY___ 

2023-10-05 13:42:33,170 INFO     ___FILE_ONLY___ │ 
2023-10-05 13:42:33,170 INFO     ___FILE_ONLY___ Not Installed
2023-10-05 13:42:33,170 INFO     ___FILE_ONLY___  
2023-10-05 13:42:33,170 INFO     ___FILE_ONLY___ │ 
2023-10-05 13:42:33,170 INFO     ___FILE_ONLY___ Cloud Datastore Emulator                            
2023-10-05 13:42:33,171 INFO     ___FILE_ONLY___  
2023-10-05 13:42:33,171 INFO     ___FILE_ONLY___ │ 
2023-10-05 13:42:33,171 INFO     ___FILE_ONLY___ cloud-datastore-emulator    
2023-10-05 13:42:33,171 INFO     ___FILE_ONLY___  
2023-10-05 13:42:33,171 INFO     ___FILE_ONLY___ │ 
2023-10-05 13:42:33,171 INFO     ___FILE_ONLY___ 36.2 MiB
2023-10-05 13:42:33,171 INFO     ___FILE_ONLY___  
2023-10-05 13:42:33,171 INFO     ___FILE_ONLY___ │
2023-10-05 13:42:33,171 INFO     ___FILE_ONLY___ 

2023-10-05 13:42:33,171 INFO     ___FILE_ONLY___ │ 
2023-10-05 13:42:33,171 INFO     ___FILE_ONLY___ Not Installed
2023-10-05 13:42:33,171 INFO     ___FILE_ONLY___  
2023-10-05 13:42:33,171 INFO     ___FILE_ONLY___ │ 
2023-10-05 13:42:33,171 INFO     ___FILE_ONLY___ Cloud Firestore Emulator                            
2023-10-05 13:42:33,171 INFO     ___FILE_ONLY___  
2023-10-05 13:42:33,171 INFO     ___FILE_ONLY___ │ 
2023-10-05 13:42:33,171 INFO     ___FILE_ONLY___ cloud-firestore-emulator    
2023-10-05 13:42:33,171 INFO     ___FILE_ONLY___  
2023-10-05 13:42:33,171 INFO     ___FILE_ONLY___ │ 
2023-10-05 13:42:33,171 INFO     ___FILE_ONLY___ 42.8 MiB
2023-10-05 13:42:33,171 INFO     ___FILE_ONLY___  
2023-10-05 13:42:33,171 INFO     ___FILE_ONLY___ │
2023-10-05 13:42:33,171 INFO     ___FILE_ONLY___ 

2023-10-05 13:42:33,171 INFO     ___FILE_ONLY___ │ 
2023-10-05 13:42:33,171 INFO     ___FILE_ONLY___ Not Installed
2023-10-05 13:42:33,171 INFO     ___FILE_ONLY___  
2023-10-05 13:42:33,171 INFO     ___FILE_ONLY___ │ 
2023-10-05 13:42:33,171 INFO     ___FILE_ONLY___ Cloud Pub/Sub Emulator                              
2023-10-05 13:42:33,171 INFO     ___FILE_ONLY___  
2023-10-05 13:42:33,171 INFO     ___FILE_ONLY___ │ 
2023-10-05 13:42:33,171 INFO     ___FILE_ONLY___ pubsub-emulator             
2023-10-05 13:42:33,171 INFO     ___FILE_ONLY___  
2023-10-05 13:42:33,172 INFO     ___FILE_ONLY___ │ 
2023-10-05 13:42:33,172 INFO     ___FILE_ONLY___ 61.2 MiB
2023-10-05 13:42:33,172 INFO     ___FILE_ONLY___  
2023-10-05 13:42:33,172 INFO     ___FILE_ONLY___ │
2023-10-05 13:42:33,172 INFO     ___FILE_ONLY___ 

2023-10-05 13:42:33,172 INFO     ___FILE_ONLY___ │ 
2023-10-05 13:42:33,172 INFO     ___FILE_ONLY___ Not Installed
2023-10-05 13:42:33,172 INFO     ___FILE_ONLY___  
2023-10-05 13:42:33,172 INFO     ___FILE_ONLY___ │ 
2023-10-05 13:42:33,172 INFO     ___FILE_ONLY___ Cloud Run Proxy                                     
2023-10-05 13:42:33,172 INFO     ___FILE_ONLY___  
2023-10-05 13:42:33,172 INFO     ___FILE_ONLY___ │ 
2023-10-05 13:42:33,172 INFO     ___FILE_ONLY___ cloud-run-proxy             
2023-10-05 13:42:33,172 INFO     ___FILE_ONLY___  
2023-10-05 13:42:33,172 INFO     ___FILE_ONLY___ │ 
2023-10-05 13:42:33,172 INFO     ___FILE_ONLY___ 11.3 MiB
2023-10-05 13:42:33,172 INFO     ___FILE_ONLY___  
2023-10-05 13:42:33,172 INFO     ___FILE_ONLY___ │
2023-10-05 13:42:33,172 INFO     ___FILE_ONLY___ 

2023-10-05 13:42:33,172 INFO     ___FILE_ONLY___ │ 
2023-10-05 13:42:33,172 INFO     ___FILE_ONLY___ Not Installed
2023-10-05 13:42:33,172 INFO     ___FILE_ONLY___  
2023-10-05 13:42:33,172 INFO     ___FILE_ONLY___ │ 
2023-10-05 13:42:33,172 INFO     ___FILE_ONLY___ Cloud SQL Proxy                                     
2023-10-05 13:42:33,172 INFO     ___FILE_ONLY___  
2023-10-05 13:42:33,172 INFO     ___FILE_ONLY___ │ 
2023-10-05 13:42:33,172 INFO     ___FILE_ONLY___ cloud_sql_proxy             
2023-10-05 13:42:33,172 INFO     ___FILE_ONLY___  
2023-10-05 13:42:33,172 INFO     ___FILE_ONLY___ │ 
2023-10-05 13:42:33,172 INFO     ___FILE_ONLY___  7.3 MiB
2023-10-05 13:42:33,172 INFO     ___FILE_ONLY___  
2023-10-05 13:42:33,172 INFO     ___FILE_ONLY___ │
2023-10-05 13:42:33,173 INFO     ___FILE_ONLY___ 

2023-10-05 13:42:33,173 INFO     ___FILE_ONLY___ │ 
2023-10-05 13:42:33,173 INFO     ___FILE_ONLY___ Not Installed
2023-10-05 13:42:33,173 INFO     ___FILE_ONLY___  
2023-10-05 13:42:33,173 INFO     ___FILE_ONLY___ │ 
2023-10-05 13:42:33,173 INFO     ___FILE_ONLY___ Google Container Registry's Docker credential helper
2023-10-05 13:42:33,173 INFO     ___FILE_ONLY___  
2023-10-05 13:42:33,173 INFO     ___FILE_ONLY___ │ 
2023-10-05 13:42:33,173 INFO     ___FILE_ONLY___ docker-credential-gcr       
2023-10-05 13:42:33,173 INFO     ___FILE_ONLY___  
2023-10-05 13:42:33,173 INFO     ___FILE_ONLY___ │ 
2023-10-05 13:42:33,173 INFO     ___FILE_ONLY___         
2023-10-05 13:42:33,173 INFO     ___FILE_ONLY___  
2023-10-05 13:42:33,173 INFO     ___FILE_ONLY___ │
2023-10-05 13:42:33,173 INFO     ___FILE_ONLY___ 

2023-10-05 13:42:33,173 INFO     ___FILE_ONLY___ │ 
2023-10-05 13:42:33,173 INFO     ___FILE_ONLY___ Not Installed
2023-10-05 13:42:33,173 INFO     ___FILE_ONLY___  
2023-10-05 13:42:33,173 INFO     ___FILE_ONLY___ │ 
2023-10-05 13:42:33,173 INFO     ___FILE_ONLY___ Kustomize                                           
2023-10-05 13:42:33,173 INFO     ___FILE_ONLY___  
2023-10-05 13:42:33,173 INFO     ___FILE_ONLY___ │ 
2023-10-05 13:42:33,173 INFO     ___FILE_ONLY___ kustomize                   
2023-10-05 13:42:33,173 INFO     ___FILE_ONLY___  
2023-10-05 13:42:33,173 INFO     ___FILE_ONLY___ │ 
2023-10-05 13:42:33,173 INFO     ___FILE_ONLY___  7.4 MiB
2023-10-05 13:42:33,173 INFO     ___FILE_ONLY___  
2023-10-05 13:42:33,173 INFO     ___FILE_ONLY___ │
2023-10-05 13:42:33,173 INFO     ___FILE_ONLY___ 

2023-10-05 13:42:33,173 INFO     ___FILE_ONLY___ │ 
2023-10-05 13:42:33,173 INFO     ___FILE_ONLY___ Not Installed
2023-10-05 13:42:33,173 INFO     ___FILE_ONLY___  
2023-10-05 13:42:33,174 INFO     ___FILE_ONLY___ │ 
2023-10-05 13:42:33,174 INFO     ___FILE_ONLY___ Log Streaming                                       
2023-10-05 13:42:33,174 INFO     ___FILE_ONLY___  
2023-10-05 13:42:33,174 INFO     ___FILE_ONLY___ │ 
2023-10-05 13:42:33,174 INFO     ___FILE_ONLY___ log-streaming               
2023-10-05 13:42:33,174 INFO     ___FILE_ONLY___  
2023-10-05 13:42:33,174 INFO     ___FILE_ONLY___ │ 
2023-10-05 13:42:33,174 INFO     ___FILE_ONLY___ 11.9 MiB
2023-10-05 13:42:33,174 INFO     ___FILE_ONLY___  
2023-10-05 13:42:33,174 INFO     ___FILE_ONLY___ │
2023-10-05 13:42:33,174 INFO     ___FILE_ONLY___ 

2023-10-05 13:42:33,174 INFO     ___FILE_ONLY___ │ 
2023-10-05 13:42:33,174 INFO     ___FILE_ONLY___ Not Installed
2023-10-05 13:42:33,174 INFO     ___FILE_ONLY___  
2023-10-05 13:42:33,174 INFO     ___FILE_ONLY___ │ 
2023-10-05 13:42:33,174 INFO     ___FILE_ONLY___ Minikube                                            
2023-10-05 13:42:33,174 INFO     ___FILE_ONLY___  
2023-10-05 13:42:33,174 INFO     ___FILE_ONLY___ │ 
2023-10-05 13:42:33,174 INFO     ___FILE_ONLY___ minikube                    
2023-10-05 13:42:33,174 INFO     ___FILE_ONLY___  
2023-10-05 13:42:33,174 INFO     ___FILE_ONLY___ │ 
2023-10-05 13:42:33,174 INFO     ___FILE_ONLY___ 32.9 MiB
2023-10-05 13:42:33,174 INFO     ___FILE_ONLY___  
2023-10-05 13:42:33,174 INFO     ___FILE_ONLY___ │
2023-10-05 13:42:33,174 INFO     ___FILE_ONLY___ 

2023-10-05 13:42:33,174 INFO     ___FILE_ONLY___ │ 
2023-10-05 13:42:33,174 INFO     ___FILE_ONLY___ Not Installed
2023-10-05 13:42:33,174 INFO     ___FILE_ONLY___  
2023-10-05 13:42:33,174 INFO     ___FILE_ONLY___ │ 
2023-10-05 13:42:33,174 INFO     ___FILE_ONLY___ Nomos CLI                                           
2023-10-05 13:42:33,174 INFO     ___FILE_ONLY___  
2023-10-05 13:42:33,174 INFO     ___FILE_ONLY___ │ 
2023-10-05 13:42:33,175 INFO     ___FILE_ONLY___ nomos                       
2023-10-05 13:42:33,175 INFO     ___FILE_ONLY___  
2023-10-05 13:42:33,175 INFO     ___FILE_ONLY___ │ 
2023-10-05 13:42:33,175 INFO     ___FILE_ONLY___ 28.0 MiB
2023-10-05 13:42:33,175 INFO     ___FILE_ONLY___  
2023-10-05 13:42:33,175 INFO     ___FILE_ONLY___ │
2023-10-05 13:42:33,175 INFO     ___FILE_ONLY___ 

2023-10-05 13:42:33,175 INFO     ___FILE_ONLY___ │ 
2023-10-05 13:42:33,175 INFO     ___FILE_ONLY___ Not Installed
2023-10-05 13:42:33,175 INFO     ___FILE_ONLY___  
2023-10-05 13:42:33,175 INFO     ___FILE_ONLY___ │ 
2023-10-05 13:42:33,175 INFO     ___FILE_ONLY___ On-Demand Scanning API extraction helper            
2023-10-05 13:42:33,175 INFO     ___FILE_ONLY___  
2023-10-05 13:42:33,175 INFO     ___FILE_ONLY___ │ 
2023-10-05 13:42:33,175 INFO     ___FILE_ONLY___ local-extract               
2023-10-05 13:42:33,175 INFO     ___FILE_ONLY___  
2023-10-05 13:42:33,175 INFO     ___FILE_ONLY___ │ 
2023-10-05 13:42:33,175 INFO     ___FILE_ONLY___ 13.7 MiB
2023-10-05 13:42:33,175 INFO     ___FILE_ONLY___  
2023-10-05 13:42:33,175 INFO     ___FILE_ONLY___ │
2023-10-05 13:42:33,175 INFO     ___FILE_ONLY___ 

2023-10-05 13:42:33,175 INFO     ___FILE_ONLY___ │ 
2023-10-05 13:42:33,175 INFO     ___FILE_ONLY___ Not Installed
2023-10-05 13:42:33,175 INFO     ___FILE_ONLY___  
2023-10-05 13:42:33,175 INFO     ___FILE_ONLY___ │ 
2023-10-05 13:42:33,175 INFO     ___FILE_ONLY___ Skaffold                                            
2023-10-05 13:42:33,175 INFO     ___FILE_ONLY___  
2023-10-05 13:42:33,175 INFO     ___FILE_ONLY___ │ 
2023-10-05 13:42:33,175 INFO     ___FILE_ONLY___ skaffold                    
2023-10-05 13:42:33,175 INFO     ___FILE_ONLY___  
2023-10-05 13:42:33,175 INFO     ___FILE_ONLY___ │ 
2023-10-05 13:42:33,175 INFO     ___FILE_ONLY___ 23.2 MiB
2023-10-05 13:42:33,176 INFO     ___FILE_ONLY___  
2023-10-05 13:42:33,176 INFO     ___FILE_ONLY___ │
2023-10-05 13:42:33,176 INFO     ___FILE_ONLY___ 

2023-10-05 13:42:33,176 INFO     ___FILE_ONLY___ │ 
2023-10-05 13:42:33,176 INFO     ___FILE_ONLY___ Not Installed
2023-10-05 13:42:33,176 INFO     ___FILE_ONLY___  
2023-10-05 13:42:33,176 INFO     ___FILE_ONLY___ │ 
2023-10-05 13:42:33,176 INFO     ___FILE_ONLY___ Terraform Tools                                     
2023-10-05 13:42:33,176 INFO     ___FILE_ONLY___  
2023-10-05 13:42:33,176 INFO     ___FILE_ONLY___ │ 
2023-10-05 13:42:33,176 INFO     ___FILE_ONLY___ terraform-tools             
2023-10-05 13:42:33,176 INFO     ___FILE_ONLY___  
2023-10-05 13:42:33,176 INFO     ___FILE_ONLY___ │ 
2023-10-05 13:42:33,176 INFO     ___FILE_ONLY___ 63.6 MiB
2023-10-05 13:42:33,176 INFO     ___FILE_ONLY___  
2023-10-05 13:42:33,176 INFO     ___FILE_ONLY___ │
2023-10-05 13:42:33,176 INFO     ___FILE_ONLY___ 

2023-10-05 13:42:33,176 INFO     ___FILE_ONLY___ │ 
2023-10-05 13:42:33,176 INFO     ___FILE_ONLY___ Not Installed
2023-10-05 13:42:33,176 INFO     ___FILE_ONLY___  
2023-10-05 13:42:33,176 INFO     ___FILE_ONLY___ │ 
2023-10-05 13:42:33,176 INFO     ___FILE_ONLY___ anthos-auth                                         
2023-10-05 13:42:33,176 INFO     ___FILE_ONLY___  
2023-10-05 13:42:33,176 INFO     ___FILE_ONLY___ │ 
2023-10-05 13:42:33,176 INFO     ___FILE_ONLY___ anthos-auth                 
2023-10-05 13:42:33,176 INFO     ___FILE_ONLY___  
2023-10-05 13:42:33,176 INFO     ___FILE_ONLY___ │ 
2023-10-05 13:42:33,176 INFO     ___FILE_ONLY___ 19.2 MiB
2023-10-05 13:42:33,176 INFO     ___FILE_ONLY___  
2023-10-05 13:42:33,176 INFO     ___FILE_ONLY___ │
2023-10-05 13:42:33,176 INFO     ___FILE_ONLY___ 

2023-10-05 13:42:33,176 INFO     ___FILE_ONLY___ │ 
2023-10-05 13:42:33,176 INFO     ___FILE_ONLY___ Not Installed
2023-10-05 13:42:33,177 INFO     ___FILE_ONLY___  
2023-10-05 13:42:33,177 INFO     ___FILE_ONLY___ │ 
2023-10-05 13:42:33,177 INFO     ___FILE_ONLY___ config-connector                                    
2023-10-05 13:42:33,177 INFO     ___FILE_ONLY___  
2023-10-05 13:42:33,177 INFO     ___FILE_ONLY___ │ 
2023-10-05 13:42:33,177 INFO     ___FILE_ONLY___ config-connector            
2023-10-05 13:42:33,177 INFO     ___FILE_ONLY___  
2023-10-05 13:42:33,177 INFO     ___FILE_ONLY___ │ 
2023-10-05 13:42:33,177 INFO     ___FILE_ONLY___ 55.6 MiB
2023-10-05 13:42:33,177 INFO     ___FILE_ONLY___  
2023-10-05 13:42:33,177 INFO     ___FILE_ONLY___ │
2023-10-05 13:42:33,177 INFO     ___FILE_ONLY___ 

2023-10-05 13:42:33,177 INFO     ___FILE_ONLY___ │ 
2023-10-05 13:42:33,177 INFO     ___FILE_ONLY___ Not Installed
2023-10-05 13:42:33,177 INFO     ___FILE_ONLY___  
2023-10-05 13:42:33,177 INFO     ___FILE_ONLY___ │ 
2023-10-05 13:42:33,177 INFO     ___FILE_ONLY___ enterprise-certificate-proxy                        
2023-10-05 13:42:33,177 INFO     ___FILE_ONLY___  
2023-10-05 13:42:33,177 INFO     ___FILE_ONLY___ │ 
2023-10-05 13:42:33,177 INFO     ___FILE_ONLY___ enterprise-certificate-proxy
2023-10-05 13:42:33,177 INFO     ___FILE_ONLY___  
2023-10-05 13:42:33,177 INFO     ___FILE_ONLY___ │ 
2023-10-05 13:42:33,177 INFO     ___FILE_ONLY___  6.1 MiB
2023-10-05 13:42:33,177 INFO     ___FILE_ONLY___  
2023-10-05 13:42:33,177 INFO     ___FILE_ONLY___ │
2023-10-05 13:42:33,177 INFO     ___FILE_ONLY___ 

2023-10-05 13:42:33,177 INFO     ___FILE_ONLY___ │ 
2023-10-05 13:42:33,177 INFO     ___FILE_ONLY___ Not Installed
2023-10-05 13:42:33,177 INFO     ___FILE_ONLY___  
2023-10-05 13:42:33,177 INFO     ___FILE_ONLY___ │ 
2023-10-05 13:42:33,177 INFO     ___FILE_ONLY___ gcloud Alpha Commands                               
2023-10-05 13:42:33,177 INFO     ___FILE_ONLY___  
2023-10-05 13:42:33,177 INFO     ___FILE_ONLY___ │ 
2023-10-05 13:42:33,178 INFO     ___FILE_ONLY___ alpha                       
2023-10-05 13:42:33,178 INFO     ___FILE_ONLY___  
2023-10-05 13:42:33,178 INFO     ___FILE_ONLY___ │ 
2023-10-05 13:42:33,178 INFO     ___FILE_ONLY___  < 1 MiB
2023-10-05 13:42:33,178 INFO     ___FILE_ONLY___  
2023-10-05 13:42:33,178 INFO     ___FILE_ONLY___ │
2023-10-05 13:42:33,178 INFO     ___FILE_ONLY___ 

2023-10-05 13:42:33,178 INFO     ___FILE_ONLY___ │ 
2023-10-05 13:42:33,178 INFO     ___FILE_ONLY___ Not Installed
2023-10-05 13:42:33,178 INFO     ___FILE_ONLY___  
2023-10-05 13:42:33,178 INFO     ___FILE_ONLY___ │ 
2023-10-05 13:42:33,178 INFO     ___FILE_ONLY___ gcloud Beta Commands                                
2023-10-05 13:42:33,178 INFO     ___FILE_ONLY___  
2023-10-05 13:42:33,178 INFO     ___FILE_ONLY___ │ 
2023-10-05 13:42:33,178 INFO     ___FILE_ONLY___ beta                        
2023-10-05 13:42:33,178 INFO     ___FILE_ONLY___  
2023-10-05 13:42:33,178 INFO     ___FILE_ONLY___ │ 
2023-10-05 13:42:33,178 INFO     ___FILE_ONLY___  < 1 MiB
2023-10-05 13:42:33,178 INFO     ___FILE_ONLY___  
2023-10-05 13:42:33,178 INFO     ___FILE_ONLY___ │
2023-10-05 13:42:33,178 INFO     ___FILE_ONLY___ 

2023-10-05 13:42:33,178 INFO     ___FILE_ONLY___ │ 
2023-10-05 13:42:33,178 INFO     ___FILE_ONLY___ Not Installed
2023-10-05 13:42:33,178 INFO     ___FILE_ONLY___  
2023-10-05 13:42:33,179 INFO     ___FILE_ONLY___ │ 
2023-10-05 13:42:33,179 INFO     ___FILE_ONLY___ gcloud app Java Extensions                          
2023-10-05 13:42:33,179 INFO     ___FILE_ONLY___  
2023-10-05 13:42:33,179 INFO     ___FILE_ONLY___ │ 
2023-10-05 13:42:33,179 INFO     ___FILE_ONLY___ app-engine-java             
2023-10-05 13:42:33,179 INFO     ___FILE_ONLY___  
2023-10-05 13:42:33,179 INFO     ___FILE_ONLY___ │ 
2023-10-05 13:42:33,179 INFO     ___FILE_ONLY___ 73.9 MiB
2023-10-05 13:42:33,179 INFO     ___FILE_ONLY___  
2023-10-05 13:42:33,179 INFO     ___FILE_ONLY___ │
2023-10-05 13:42:33,179 INFO     ___FILE_ONLY___ 

2023-10-05 13:42:33,179 INFO     ___FILE_ONLY___ │ 
2023-10-05 13:42:33,179 INFO     ___FILE_ONLY___ Not Installed
2023-10-05 13:42:33,179 INFO     ___FILE_ONLY___  
2023-10-05 13:42:33,179 INFO     ___FILE_ONLY___ │ 
2023-10-05 13:42:33,179 INFO     ___FILE_ONLY___ gcloud app PHP Extensions                           
2023-10-05 13:42:33,179 INFO     ___FILE_ONLY___  
2023-10-05 13:42:33,179 INFO     ___FILE_ONLY___ │ 
2023-10-05 13:42:33,179 INFO     ___FILE_ONLY___ app-engine-php              
2023-10-05 13:42:33,179 INFO     ___FILE_ONLY___  
2023-10-05 13:42:33,179 INFO     ___FILE_ONLY___ │ 
2023-10-05 13:42:33,179 INFO     ___FILE_ONLY___ 21.9 MiB
2023-10-05 13:42:33,180 INFO     ___FILE_ONLY___  
2023-10-05 13:42:33,180 INFO     ___FILE_ONLY___ │
2023-10-05 13:42:33,180 INFO     ___FILE_ONLY___ 

2023-10-05 13:42:33,180 INFO     ___FILE_ONLY___ │ 
2023-10-05 13:42:33,180 INFO     ___FILE_ONLY___ Not Installed
2023-10-05 13:42:33,180 INFO     ___FILE_ONLY___  
2023-10-05 13:42:33,180 INFO     ___FILE_ONLY___ │ 
2023-10-05 13:42:33,180 INFO     ___FILE_ONLY___ gcloud app Python Extensions                        
2023-10-05 13:42:33,180 INFO     ___FILE_ONLY___  
2023-10-05 13:42:33,180 INFO     ___FILE_ONLY___ │ 
2023-10-05 13:42:33,180 INFO     ___FILE_ONLY___ app-engine-python           
2023-10-05 13:42:33,180 INFO     ___FILE_ONLY___  
2023-10-05 13:42:33,180 INFO     ___FILE_ONLY___ │ 
2023-10-05 13:42:33,180 INFO     ___FILE_ONLY___  8.4 MiB
2023-10-05 13:42:33,180 INFO     ___FILE_ONLY___  
2023-10-05 13:42:33,180 INFO     ___FILE_ONLY___ │
2023-10-05 13:42:33,180 INFO     ___FILE_ONLY___ 

2023-10-05 13:42:33,180 INFO     ___FILE_ONLY___ │ 
2023-10-05 13:42:33,180 INFO     ___FILE_ONLY___ Not Installed
2023-10-05 13:42:33,180 INFO     ___FILE_ONLY___  
2023-10-05 13:42:33,180 INFO     ___FILE_ONLY___ │ 
2023-10-05 13:42:33,180 INFO     ___FILE_ONLY___ gcloud app Python Extensions (Extra Libraries)      
2023-10-05 13:42:33,180 INFO     ___FILE_ONLY___  
2023-10-05 13:42:33,180 INFO     ___FILE_ONLY___ │ 
2023-10-05 13:42:33,180 INFO     ___FILE_ONLY___ app-engine-python-extras    
2023-10-05 13:42:33,180 INFO     ___FILE_ONLY___  
2023-10-05 13:42:33,180 INFO     ___FILE_ONLY___ │ 
2023-10-05 13:42:33,180 INFO     ___FILE_ONLY___ 31.5 MiB
2023-10-05 13:42:33,180 INFO     ___FILE_ONLY___  
2023-10-05 13:42:33,180 INFO     ___FILE_ONLY___ │
2023-10-05 13:42:33,180 INFO     ___FILE_ONLY___ 

2023-10-05 13:42:33,181 INFO     ___FILE_ONLY___ │ 
2023-10-05 13:42:33,181 INFO     ___FILE_ONLY___ Not Installed
2023-10-05 13:42:33,181 INFO     ___FILE_ONLY___  
2023-10-05 13:42:33,181 INFO     ___FILE_ONLY___ │ 
2023-10-05 13:42:33,181 INFO     ___FILE_ONLY___ gke-gcloud-auth-plugin                              
2023-10-05 13:42:33,181 INFO     ___FILE_ONLY___  
2023-10-05 13:42:33,181 INFO     ___FILE_ONLY___ │ 
2023-10-05 13:42:33,181 INFO     ___FILE_ONLY___ gke-gcloud-auth-plugin      
2023-10-05 13:42:33,181 INFO     ___FILE_ONLY___  
2023-10-05 13:42:33,181 INFO     ___FILE_ONLY___ │ 
2023-10-05 13:42:33,181 INFO     ___FILE_ONLY___  7.4 MiB
2023-10-05 13:42:33,181 INFO     ___FILE_ONLY___  
2023-10-05 13:42:33,181 INFO     ___FILE_ONLY___ │
2023-10-05 13:42:33,181 INFO     ___FILE_ONLY___ 

2023-10-05 13:42:33,181 INFO     ___FILE_ONLY___ │ 
2023-10-05 13:42:33,181 INFO     ___FILE_ONLY___ Not Installed
2023-10-05 13:42:33,181 INFO     ___FILE_ONLY___  
2023-10-05 13:42:33,181 INFO     ___FILE_ONLY___ │ 
2023-10-05 13:42:33,181 INFO     ___FILE_ONLY___ kpt                                                 
2023-10-05 13:42:33,181 INFO     ___FILE_ONLY___  
2023-10-05 13:42:33,181 INFO     ___FILE_ONLY___ │ 
2023-10-05 13:42:33,181 INFO     ___FILE_ONLY___ kpt                         
2023-10-05 13:42:33,181 INFO     ___FILE_ONLY___  
2023-10-05 13:42:33,181 INFO     ___FILE_ONLY___ │ 
2023-10-05 13:42:33,181 INFO     ___FILE_ONLY___ 14.4 MiB
2023-10-05 13:42:33,181 INFO     ___FILE_ONLY___  
2023-10-05 13:42:33,181 INFO     ___FILE_ONLY___ │
2023-10-05 13:42:33,181 INFO     ___FILE_ONLY___ 

2023-10-05 13:42:33,181 INFO     ___FILE_ONLY___ │ 
2023-10-05 13:42:33,181 INFO     ___FILE_ONLY___ Not Installed
2023-10-05 13:42:33,181 INFO     ___FILE_ONLY___  
2023-10-05 13:42:33,181 INFO     ___FILE_ONLY___ │ 
2023-10-05 13:42:33,181 INFO     ___FILE_ONLY___ kubectl                                             
2023-10-05 13:42:33,182 INFO     ___FILE_ONLY___  
2023-10-05 13:42:33,182 INFO     ___FILE_ONLY___ │ 
2023-10-05 13:42:33,182 INFO     ___FILE_ONLY___ kubectl                     
2023-10-05 13:42:33,182 INFO     ___FILE_ONLY___  
2023-10-05 13:42:33,182 INFO     ___FILE_ONLY___ │ 
2023-10-05 13:42:33,182 INFO     ___FILE_ONLY___  < 1 MiB
2023-10-05 13:42:33,182 INFO     ___FILE_ONLY___  
2023-10-05 13:42:33,182 INFO     ___FILE_ONLY___ │
2023-10-05 13:42:33,182 INFO     ___FILE_ONLY___ 

2023-10-05 13:42:33,182 INFO     ___FILE_ONLY___ │ 
2023-10-05 13:42:33,182 INFO     ___FILE_ONLY___ Not Installed
2023-10-05 13:42:33,182 INFO     ___FILE_ONLY___  
2023-10-05 13:42:33,182 INFO     ___FILE_ONLY___ │ 
2023-10-05 13:42:33,182 INFO     ___FILE_ONLY___ kubectl-oidc                                        
2023-10-05 13:42:33,182 INFO     ___FILE_ONLY___  
2023-10-05 13:42:33,182 INFO     ___FILE_ONLY___ │ 
2023-10-05 13:42:33,182 INFO     ___FILE_ONLY___ kubectl-oidc                
2023-10-05 13:42:33,182 INFO     ___FILE_ONLY___  
2023-10-05 13:42:33,182 INFO     ___FILE_ONLY___ │ 
2023-10-05 13:42:33,182 INFO     ___FILE_ONLY___ 19.2 MiB
2023-10-05 13:42:33,182 INFO     ___FILE_ONLY___  
2023-10-05 13:42:33,182 INFO     ___FILE_ONLY___ │
2023-10-05 13:42:33,182 INFO     ___FILE_ONLY___ 

2023-10-05 13:42:33,182 INFO     ___FILE_ONLY___ │ 
2023-10-05 13:42:33,182 INFO     ___FILE_ONLY___ Not Installed
2023-10-05 13:42:33,182 INFO     ___FILE_ONLY___  
2023-10-05 13:42:33,182 INFO     ___FILE_ONLY___ │ 
2023-10-05 13:42:33,182 INFO     ___FILE_ONLY___ pkg                                                 
2023-10-05 13:42:33,182 INFO     ___FILE_ONLY___  
2023-10-05 13:42:33,182 INFO     ___FILE_ONLY___ │ 
2023-10-05 13:42:33,182 INFO     ___FILE_ONLY___ pkg                         
2023-10-05 13:42:33,182 INFO     ___FILE_ONLY___  
2023-10-05 13:42:33,182 INFO     ___FILE_ONLY___ │ 
2023-10-05 13:42:33,183 INFO     ___FILE_ONLY___         
2023-10-05 13:42:33,183 INFO     ___FILE_ONLY___  
2023-10-05 13:42:33,183 INFO     ___FILE_ONLY___ │
2023-10-05 13:42:33,183 INFO     ___FILE_ONLY___ 

2023-10-05 13:42:33,183 INFO     ___FILE_ONLY___ │ 
2023-10-05 13:42:33,183 INFO     ___FILE_ONLY___ Installed    
2023-10-05 13:42:33,183 INFO     ___FILE_ONLY___  
2023-10-05 13:42:33,183 INFO     ___FILE_ONLY___ │ 
2023-10-05 13:42:33,183 INFO     ___FILE_ONLY___ BigQuery Command Line Tool                          
2023-10-05 13:42:33,183 INFO     ___FILE_ONLY___  
2023-10-05 13:42:33,183 INFO     ___FILE_ONLY___ │ 
2023-10-05 13:42:33,183 INFO     ___FILE_ONLY___ bq                          
2023-10-05 13:42:33,183 INFO     ___FILE_ONLY___  
2023-10-05 13:42:33,183 INFO     ___FILE_ONLY___ │ 
2023-10-05 13:42:33,183 INFO     ___FILE_ONLY___  1.6 MiB
2023-10-05 13:42:33,183 INFO     ___FILE_ONLY___  
2023-10-05 13:42:33,183 INFO     ___FILE_ONLY___ │
2023-10-05 13:42:33,183 INFO     ___FILE_ONLY___ 

2023-10-05 13:42:33,183 INFO     ___FILE_ONLY___ │ 
2023-10-05 13:42:33,183 INFO     ___FILE_ONLY___ Installed    
2023-10-05 13:42:33,183 INFO     ___FILE_ONLY___  
2023-10-05 13:42:33,183 INFO     ___FILE_ONLY___ │ 
2023-10-05 13:42:33,183 INFO     ___FILE_ONLY___ Cloud Storage Command Line Tool                     
2023-10-05 13:42:33,183 INFO     ___FILE_ONLY___  
2023-10-05 13:42:33,183 INFO     ___FILE_ONLY___ │ 
2023-10-05 13:42:33,183 INFO     ___FILE_ONLY___ gsutil                      
2023-10-05 13:42:33,183 INFO     ___FILE_ONLY___  
2023-10-05 13:42:33,183 INFO     ___FILE_ONLY___ │ 
2023-10-05 13:42:33,183 INFO     ___FILE_ONLY___ 11.3 MiB
2023-10-05 13:42:33,183 INFO     ___FILE_ONLY___  
2023-10-05 13:42:33,183 INFO     ___FILE_ONLY___ │
2023-10-05 13:42:33,183 INFO     ___FILE_ONLY___ 

2023-10-05 13:42:33,183 INFO     ___FILE_ONLY___ │ 
2023-10-05 13:42:33,183 INFO     ___FILE_ONLY___ Installed    
2023-10-05 13:42:33,184 INFO     ___FILE_ONLY___  
2023-10-05 13:42:33,184 INFO     ___FILE_ONLY___ │ 
2023-10-05 13:42:33,184 INFO     ___FILE_ONLY___ Google Cloud CLI Core Libraries                     
2023-10-05 13:42:33,184 INFO     ___FILE_ONLY___  
2023-10-05 13:42:33,184 INFO     ___FILE_ONLY___ │ 
2023-10-05 13:42:33,184 INFO     ___FILE_ONLY___ core                        
2023-10-05 13:42:33,184 INFO     ___FILE_ONLY___  
2023-10-05 13:42:33,184 INFO     ___FILE_ONLY___ │ 
2023-10-05 13:42:33,184 INFO     ___FILE_ONLY___ 21.8 MiB
2023-10-05 13:42:33,184 INFO     ___FILE_ONLY___  
2023-10-05 13:42:33,184 INFO     ___FILE_ONLY___ │
2023-10-05 13:42:33,184 INFO     ___FILE_ONLY___ 

2023-10-05 13:42:33,184 INFO     ___FILE_ONLY___ │ 
2023-10-05 13:42:33,184 INFO     ___FILE_ONLY___ Installed    
2023-10-05 13:42:33,184 INFO     ___FILE_ONLY___  
2023-10-05 13:42:33,184 INFO     ___FILE_ONLY___ │ 
2023-10-05 13:42:33,184 INFO     ___FILE_ONLY___ Google Cloud CRC32C Hash Tool                       
2023-10-05 13:42:33,184 INFO     ___FILE_ONLY___  
2023-10-05 13:42:33,184 INFO     ___FILE_ONLY___ │ 
2023-10-05 13:42:33,184 INFO     ___FILE_ONLY___ gcloud-crc32c               
2023-10-05 13:42:33,184 INFO     ___FILE_ONLY___  
2023-10-05 13:42:33,184 INFO     ___FILE_ONLY___ │ 
2023-10-05 13:42:33,184 INFO     ___FILE_ONLY___  1.2 MiB
2023-10-05 13:42:33,184 INFO     ___FILE_ONLY___  
2023-10-05 13:42:33,184 INFO     ___FILE_ONLY___ │
2023-10-05 13:42:33,184 INFO     ___FILE_ONLY___ 

2023-10-05 13:42:33,184 INFO     ___FILE_ONLY___ └───────────────┴──────────────────────────────────────────────────────┴──────────────────────────────┴──────────┘
2023-10-05 13:42:33,184 INFO     ___FILE_ONLY___ 

2023-10-05 13:42:33,184 INFO     ___FILE_ONLY___ To install or remove components at your current SDK version [449.0.0], run:
  $ gcloud components install COMPONENT_ID
  $ gcloud components remove COMPONENT_ID

To update your SDK installation to the latest version [449.0.0], run:
  $ gcloud components update


2023-10-05 13:42:33,187 INFO     ___FILE_ONLY___ 

To take a quick anonymous survey, run:
  $ gcloud survey


2023-10-05 13:42:43,741 DEBUG    root            Executing command: ['curl', '--silent', '-O', 'https://dl.google.com/dl/cloudsdk/channels/rapid/python-3.10.11-macos11.tar.gz']
2023-10-05 13:42:47,294 DEBUG    root            Executing command: ['tar', '-xf', 'python-3.10.11-macos11.tar.gz']
2023-10-05 13:42:47,362 DEBUG    root            Executing command: ['sudo', 'installer', '-target', '/', '-pkg', './python-3.10.11-macos11.pkg']
2023-10-05 13:43:09,512 DEBUG    root            Loaded Command Group: ['gcloud', 'config']
2023-10-05 13:43:09,514 DEBUG    root            Loaded Command Group: ['gcloud', 'config', 'virtualenv']
2023-10-05 13:43:09,521 DEBUG    root            Loaded Command Group: ['gcloud', 'config', 'virtualenv', 'create']
2023-10-05 13:43:09,522 DEBUG    root            Running [gcloud.config.virtualenv.create] with arguments: [--python-to-use: "/Library/Frameworks/Python.framework/Versions/3.10//bin/python3"]
2023-10-05 13:43:09,522 INFO     ___FILE_ONLY___ Creating virtualenv...

2023-10-05 13:43:09,522 DEBUG    root            Executing command: ['/Library/Frameworks/Python.framework/Versions/3.10//bin/python3', '-m', 'venv', '/Users/joel.meyer/.config/gcloud/virtenv']
2023-10-05 13:43:11,239 DEBUG    ___FILE_ONLY___ 
2023-10-05 13:43:11,239 DEBUG    ___FILE_ONLY___ 
2023-10-05 13:43:11,239 INFO     ___FILE_ONLY___ Installing modules...

2023-10-05 13:43:11,239 DEBUG    root            Executing command: ['/Users/joel.meyer/.config/gcloud/virtenv/bin/pip3', 'install', '--log', '/Users/joel.meyer/.config/gcloud/virtenv/install_module.log', '-q', '--disable-pip-version-check', 'crcmod', 'grpcio', 'pyopenssl==23.0.0', 'google_crc32c', 'certifi', 'https://github.com/googleapis/enterprise-certificate-proxy/releases/download/v0.2.3/cryptography-39.0.1-cp36-abi3-macosx_10_12_universal2.whl']
2023-10-05 13:43:17,107 DEBUG    root            Chosen display Format:default
2023-10-05 13:43:17,108 INFO     root            Display format: "default"
2023-10-05 13:43:17,110 DEBUG    root            Checking for updates...
2023-10-05 13:43:17,113 DEBUG    urllib3.connectionpool Starting new HTTPS connection (1): dl.google.com:443
2023-10-05 13:43:17,378 DEBUG    urllib3.connectionpool https://dl.google.com:443 "GET /dl/cloudsdk/channels/rapid/components-2.json HTTP/1.1" 200 209942
2023-10-05 13:43:17,511 DEBUG    root            Updating notification cache...
2023-10-05 13:43:17,514 DEBUG    root            Loaded Command Group: ['gcloud', 'config', 'virtualenv', 'enable']
2023-10-05 13:43:17,515 DEBUG    root            Running [gcloud.config.virtualenv.enable] with arguments: []
2023-10-05 13:43:17,516 INFO     ___FILE_ONLY___ Virtual env enabled.

2023-10-05 13:43:17,516 DEBUG    root            Chosen display Format:default
2023-10-05 13:43:17,516 INFO     root            Display format: "default"
