2023-10-05 13:44:14,052 DEBUG    root            Loaded Command Group: ['gcloud', 'init']
2023-10-05 13:44:14,053 DEBUG    root            Running [gcloud.init] with arguments: []
2023-10-05 13:44:14,053 INFO     ___FILE_ONLY___ Welcome! This command will take you through the configuration of gcloud.


2023-10-05 13:44:14,053 INFO     ___FILE_ONLY___ Settings from your current configuration [default] are:

2023-10-05 13:44:14,054 INFO     ___FILE_ONLY___ core:
  account: joel.meyer@openx.com
  disable_usage_reporting: 'False'
  project: ox-delivery-prod

2023-10-05 13:44:14,054 INFO     ___FILE_ONLY___ 

2023-10-05 13:44:27,437 INFO     ___FILE_ONLY___ Your current configuration has been set to: [default]


2023-10-05 13:44:27,438 INFO     ___FILE_ONLY___ You can skip diagnostics next time by using the following flag:

2023-10-05 13:44:27,438 INFO     ___FILE_ONLY___   gcloud init --skip-diagnostics


2023-10-05 13:44:27,438 INFO     ___FILE_ONLY___ Network diagnostic detects and fixes local network connection issues.

2023-10-05 13:44:27,439 INFO     ___FILE_ONLY___ Checking network connection...
2023-10-05 13:44:29,146 DEBUG    urllib3.connectionpool Starting new HTTPS connection (1): accounts.google.com:443
2023-10-05 13:44:29,230 DEBUG    urllib3.connectionpool https://accounts.google.com:443 "GET / HTTP/1.1" 302 338
2023-10-05 13:44:29,272 DEBUG    urllib3.connectionpool https://accounts.google.com:443 "GET /ServiceLogin?passive=1209600&continue=https%3A%2F%2Faccounts.google.com%2F&followup=https%3A%2F%2Faccounts.google.com%2F HTTP/1.1" 302 0
2023-10-05 13:44:29,335 DEBUG    urllib3.connectionpool https://accounts.google.com:443 "GET /InteractiveLogin?continue=https://accounts.google.com/&followup=https://accounts.google.com/&passive=1209600&ifkv=AYZoVheQSwjjwAH9euFYX-_O2eXkclFh8DhuFoe0b9O334AwgvRdySsEsvQBv1QjZWA9pACWkJ_75g HTTP/1.1" 302 528
2023-10-05 13:44:29,458 DEBUG    urllib3.connectionpool https://accounts.google.com:443 "GET /v3/signin/identifier?continue=https%3A%2F%2Faccounts.google.com%2F&followup=https%3A%2F%2Faccounts.google.com%2F&ifkv=AYZoVhcnXFUUsIGlWFiNY08-ZzkOJ1nmVuavwGl8IFElZpLOzhep_r3Bq_vlaUtg1QDP7a0slbrsjA&passive=1209600&flowName=WebLiteSignIn&flowEntry=ServiceLogin&dsh=S-1962047093%3A1696531469373085 HTTP/1.1" 200 None
2023-10-05 13:44:29,529 DEBUG    urllib3.connectionpool Starting new HTTPS connection (1): cloudresourcemanager.googleapis.com:443
2023-10-05 13:44:29,742 DEBUG    urllib3.connectionpool https://cloudresourcemanager.googleapis.com:443 "GET /v1beta1/projects HTTP/1.1" 401 None
2023-10-05 13:44:29,747 DEBUG    urllib3.connectionpool Starting new HTTPS connection (1): www.googleapis.com:443
2023-10-05 13:44:29,897 DEBUG    urllib3.connectionpool https://www.googleapis.com:443 "GET /auth/cloud-platform HTTP/1.1" 200 14
2023-10-05 13:44:29,902 DEBUG    urllib3.connectionpool Starting new HTTPS connection (1): dl.google.com:443
2023-10-05 13:44:30,180 DEBUG    urllib3.connectionpool https://dl.google.com:443 "GET /dl/cloudsdk/channels/rapid/components-2.json HTTP/1.1" 200 209942
2023-10-05 13:44:30,501 INFO     ___FILE_ONLY___ Reachability Check passed.

2023-10-05 13:44:30,501 INFO     ___FILE_ONLY___ Network diagnostic passed (1/1 checks passed).


2023-10-05 13:44:33,894 INFO     ___FILE_ONLY___ You are logged in as: [joel.meyer@openx.com].


2023-10-05 13:44:33,901 DEBUG    google.auth.transport.requests Making request: POST https://oauth2.googleapis.com/token
2023-10-05 13:44:33,956 DEBUG    urllib3.connectionpool Starting new HTTPS connection (1): oauth2.googleapis.com:443
2023-10-05 13:44:34,088 DEBUG    urllib3.connectionpool https://oauth2.googleapis.com:443 "POST /token HTTP/1.1" 200 None
2023-10-05 13:44:34,116 DEBUG    urllib3.connectionpool Starting new HTTPS connection (1): cloudresourcemanager.googleapis.com:443
2023-10-05 13:44:34,572 DEBUG    urllib3.connectionpool https://cloudresourcemanager.googleapis.com:443 "GET /v1/projects?alt=json&filter=lifecycleState%3AACTIVE&pageSize=201 HTTP/1.1" 200 None
2023-10-05 13:44:37,083 DEBUG    urllib3.connectionpool Starting new HTTPS connection (1): cloudresourcemanager.googleapis.com:443
2023-10-05 13:44:37,608 DEBUG    urllib3.connectionpool https://cloudresourcemanager.googleapis.com:443 "GET /v1/projects?alt=json&filter=lifecycleState%3AACTIVE&pageSize=500 HTTP/1.1" 200 None
2023-10-05 13:44:37,669 DEBUG    urllib3.connectionpool Starting new HTTPS connection (1): cloudresourcemanager.googleapis.com:443
2023-10-05 13:44:38,071 DEBUG    urllib3.connectionpool https://cloudresourcemanager.googleapis.com:443 "GET /v1/projects?alt=json&filter=lifecycleState%3AACTIVE&pageSize=500&pageToken=EuABQ3FRQkNuYjM4R3pOS2ZfX19fOWpiRzkxWkhKbGMyOTFjbU5sYldGdVlXZGxjaTV3Y205cVpXTjBjenB3Y205cVpXTjBjeTgwTkRjME5EazFNVFUxT0RRQV93SF9fbU5zYjNWa2NtVnpiM1Z5WTJWdFlXNWhaMlZ5TG5CeWIycGxZM1J6T25CeWIycGxZM1J6THpRME56UTBPVFV4TlRVNE5BQUJFUFFESWFTYXRJWWNEWmVoT1FBQUFBRFdNcE1QU0FkUUFGb0xDWjRzdjRHcjRnZ1lFQU5nd0kyQWp3UT0%3D HTTP/1.1" 200 None
2023-10-05 13:45:02,413 INFO     ___FILE_ONLY___ Your current project has been set to: [ox-delivery-prod].


2023-10-05 13:45:02,473 DEBUG    root            Loaded Command Group: ['gcloud', 'compute']
2023-10-05 13:45:02,475 DEBUG    root            Loaded Command Group: ['gcloud', 'compute', 'project_info']
2023-10-05 13:45:02,490 DEBUG    root            Loaded Command Group: ['gcloud', 'compute', 'project-info', 'describe']
2023-10-05 13:45:02,491 INFO     root            Executing: [gcloud compute project-info describe --quiet]
2023-10-05 13:45:02,492 DEBUG    root            Running [gcloud.compute.project-info.describe] with arguments: [--no-user-output-enabled: "false", --quiet: "True", --verbosity: "none"]
2023-10-05 13:45:02,829 DEBUG    urllib3.connectionpool Starting new HTTPS connection (1): compute.googleapis.com:443
2023-10-05 13:45:03,068 DEBUG    urllib3.connectionpool https://compute.googleapis.com:443 "GET /compute/v1/projects/ox-delivery-prod?alt=json HTTP/1.1" 200 None
2023-10-05 13:45:03,076 INFO     root            Display disabled.
2023-10-05 13:45:05,841 DEBUG    root            Not configuring default .boto file. File already exists at [/Users/joel.meyer/.boto].
2023-10-05 13:45:05,841 INFO     ___FILE_ONLY___ Your Google Cloud SDK is configured and ready to use!


2023-10-05 13:45:05,841 INFO     ___FILE_ONLY___ * Commands that require authentication will use joel.meyer@openx.com by default

2023-10-05 13:45:05,841 INFO     ___FILE_ONLY___ * Commands will reference project `ox-delivery-prod` by default

2023-10-05 13:45:05,841 INFO     ___FILE_ONLY___ Run `gcloud help config` to learn how to change individual settings


2023-10-05 13:45:05,842 INFO     ___FILE_ONLY___ This gcloud configuration is called [default]. You can create additional configurations if you work with multiple accounts and/or projects.

2023-10-05 13:45:05,842 INFO     ___FILE_ONLY___ Run `gcloud topic configurations` to learn more.


2023-10-05 13:45:05,842 INFO     ___FILE_ONLY___ Some things to try next:


2023-10-05 13:45:05,842 INFO     ___FILE_ONLY___ * Run `gcloud --help` to see the Cloud Platform services you can interact with. And run `gcloud help COMMAND` to get help on any gcloud command.

2023-10-05 13:45:05,842 INFO     ___FILE_ONLY___ * Run `gcloud topic --help` to learn about advanced features of the SDK like arg files and output formatting

2023-10-05 13:45:05,842 INFO     ___FILE_ONLY___ * Run `gcloud cheat-sheet` to see a roster of go-to `gcloud` commands.

2023-10-05 13:45:05,842 DEBUG    root            Chosen display Format:default
2023-10-05 13:45:05,843 INFO     root            Display format: "default"
2023-10-05 13:45:05,856 DEBUG    root            Metrics reporting process started...
